

*******************************************************************************
Thu Apr 30 13:12:03 2020


FIT:    data read from 'salida_max_toneladas.dat'
        format = z
        #datapoints = 10
        residuals are weighted equally (unit weight)

function used for fitting: f(x)
	f(x) = a0*x*x+a1*x+a2
fitted parameters initialized with current variable values

iter      chisq       delta/lim  lambda   a0            a1            a2           
   0 2.5339050550e+16   0.00e+00  2.91e+07    1.000000e+00   1.000000e+00   1.000000e+00
  12 1.5822955631e-04  -1.64e-09  2.91e-05    1.192163e-08  -1.590371e-07   2.745650e-03

After 12 iterations the fit converged.
final sum of squares of residuals : 0.00015823
rel. change during last iteration : -1.6445e-14

degrees of freedom    (FIT_NDF)                        : 7
rms of residuals      (FIT_STDFIT) = sqrt(WSSR/ndf)    : 0.00475439
variance of residuals (reduced chisquare) = WSSR/ndf   : 2.26042e-05

Final set of parameters            Asymptotic Standard Error
=======================            ==========================
a0              = 1.19216e-08      +/- 2.069e-10    (1.736%)
a1              = -1.59037e-07     +/- 2.335e-06    (1468%)
a2              = 0.00274565       +/- 0.005592     (203.7%)

correlation matrix of the fit parameters:
                a0     a1     a2     
a0              1.000 
a1             -0.975  1.000 
a2              0.814 -0.909  1.000 
